<?xml version="1.0" encoding="UTF-8"?>
<testng-results ignored="0" total="1" passed="1" failed="0" skipped="0">
  <reporter-output>
  </reporter-output>
  <suite started-at="2024-01-10T21:10:37 IST" name="Default suite" finished-at="2024-01-10T21:11:23 IST" duration-ms="45878">
    <groups>
    </groups>
    <test started-at="2024-01-10T21:10:37 IST" name="Default test" finished-at="2024-01-10T21:11:23 IST" duration-ms="45878">
      <class name="test.Testdemo">
        <test-method is-config="true" signature="setup()[pri:0, instance:test.Testdemo@75d3a5e0]" started-at="2024-01-10T21:10:37 IST" name="setup" finished-at="2024-01-10T21:10:51 IST" duration-ms="13826" status="PASS">
          <reporter-output>
          </reporter-output>
        </test-method> <!-- setup -->
        <test-method signature="test()[pri:0, instance:test.Testdemo@75d3a5e0]" started-at="2024-01-10T21:10:51 IST" name="test" finished-at="2024-01-10T21:11:23 IST" duration-ms="31786" status="PASS">
          <reporter-output>
          </reporter-output>
        </test-method> <!-- test -->
        <test-method is-config="true" signature="tearDown()[pri:0, instance:test.Testdemo@75d3a5e0]" started-at="2024-01-10T21:11:23 IST" name="tearDown" finished-at="2024-01-10T21:11:23 IST" duration-ms="196" status="PASS">
          <reporter-output>
          </reporter-output>
        </test-method> <!-- tearDown -->
      </class> <!-- test.Testdemo -->
    </test> <!-- Default test -->
  </suite> <!-- Default suite -->
</testng-results>
